<?xml version="1.0" encoding="UTF-8"?>
<testng-results total="1" passed="1" failed="0" skipped="0">
  <reporter-output>
  </reporter-output>
  <suite started-at="2021-09-18T15:42:03Z" name="Default suite" finished-at="2021-09-18T15:42:48Z" duration-ms="44625">
    <groups>
    </groups>
    <test started-at="2021-09-18T15:42:03Z" name="Default test" finished-at="2021-09-18T15:42:48Z" duration-ms="44625">
      <class name="framework_AnyDo.AnyDo.Login_Page">
        <test-method is-config="true" signature="initialize()[pri:0, instance:framework_AnyDo.AnyDo.Login_Page@1ae8bcbc]" started-at="2021-09-18T21:12:03Z" name="initialize" finished-at="2021-09-18T21:12:12Z" duration-ms="8565" status="PASS">
          <reporter-output>
          </reporter-output>
        </test-method> <!-- initialize -->
        <test-method signature="login()[pri:0, instance:framework_AnyDo.AnyDo.Login_Page@1ae8bcbc]" started-at="2021-09-18T21:12:12Z" name="login" finished-at="2021-09-18T21:12:48Z" duration-ms="36035" status="PASS">
          <reporter-output>
          </reporter-output>
        </test-method> <!-- login -->
        <test-method is-config="true" signature="tearDown()[pri:0, instance:framework_AnyDo.AnyDo.Login_Page@1ae8bcbc]" started-at="2021-09-18T21:12:48Z" name="tearDown" finished-at="2021-09-18T21:12:48Z" duration-ms="0" status="PASS">
          <reporter-output>
          </reporter-output>
        </test-method> <!-- tearDown -->
      </class> <!-- framework_AnyDo.AnyDo.Login_Page -->
    </test> <!-- Default test -->
  </suite> <!-- Default suite -->
</testng-results>
