<?xml version="1.0" encoding="UTF-8"?>
<testng-results total="2" passed="2" failed="0" skipped="0">
  <reporter-output>
  </reporter-output>
  <suite started-at="2021-09-19T08:31:59Z" name="Default suite" finished-at="2021-09-19T08:32:24Z" duration-ms="24981">
    <groups>
    </groups>
    <test started-at="2021-09-19T08:31:59Z" name="Default test" finished-at="2021-09-19T08:32:24Z" duration-ms="24981">
      <class name="framework_AnyDo.AnyDo.Login_Page">
        <test-method is-config="true" signature="initialize()[pri:0, instance:framework_AnyDo.AnyDo.Login_Page@436c81a3]" started-at="2021-09-19T14:01:59Z" name="initialize" finished-at="2021-09-19T14:02:10Z" duration-ms="11242" status="PASS">
          <reporter-output>
          </reporter-output>
        </test-method> <!-- initialize -->
        <test-method signature="login()[pri:0, instance:framework_AnyDo.AnyDo.Login_Page@436c81a3]" started-at="2021-09-19T14:02:10Z" name="login" finished-at="2021-09-19T14:02:16Z" duration-ms="6150" status="PASS">
          <reporter-output>
          </reporter-output>
        </test-method> <!-- login -->
        <test-method signature="CreateTask()[pri:0, instance:framework_AnyDo.AnyDo.Login_Page@436c81a3]" started-at="2021-09-19T14:02:16Z" name="CreateTask" finished-at="2021-09-19T14:02:20Z" depends-on-methods="framework_AnyDo.AnyDo.Login_Page.login" duration-ms="3261" status="PASS">
          <reporter-output>
          </reporter-output>
        </test-method> <!-- CreateTask -->
        <test-method is-config="true" signature="tearDown()[pri:0, instance:framework_AnyDo.AnyDo.Login_Page@436c81a3]" started-at="2021-09-19T14:02:20Z" name="tearDown" finished-at="2021-09-19T14:02:24Z" duration-ms="4292" status="PASS">
          <reporter-output>
          </reporter-output>
        </test-method> <!-- tearDown -->
      </class> <!-- framework_AnyDo.AnyDo.Login_Page -->
    </test> <!-- Default test -->
  </suite> <!-- Default suite -->
</testng-results>
